<?xml version="1.0" encoding="UTF-8"?>
<testng-results skipped="0" failed="0" ignored="0" total="2" passed="2">
  <reporter-output>
  </reporter-output>
  <suite name="Default suite" duration-ms="12087" started-at="2023-03-12T00:20:13 IST" finished-at="2023-03-12T00:20:25 IST">
    <groups>
      <group name="cucumber">
        <method signature="AbstractTestNGCucumberTests.runScenario(io.cucumber.testng.PickleWrapper,io.cucumber.testng.FeatureWrapper)[pri:0, instance:tests.Runner@5579bb86]" name="runScenario" class="io.cucumber.testng.AbstractTestNGCucumberTests"/>
      </group> <!-- cucumber -->
    </groups>
    <test name="Default test" duration-ms="12087" started-at="2023-03-12T00:20:13 IST" finished-at="2023-03-12T00:20:25 IST">
      <class name="tests.Runner">
        <test-method status="PASS" signature="setUpClass(org.testng.ITestContext)[pri:0, instance:tests.Runner@5579bb86]" name="setUpClass" is-config="true" duration-ms="661" started-at="2023-03-12T00:20:13 IST" finished-at="2023-03-12T00:20:14 IST">
          <params>
            <param index="0">
              <value>
                <![CDATA[org.testng.TestRunner@56380231]]>
              </value>
            </param>
          </params>
          <reporter-output>
          </reporter-output>
        </test-method> <!-- setUpClass -->
        <test-method status="PASS" signature="runScenario(io.cucumber.testng.PickleWrapper,io.cucumber.testng.FeatureWrapper)[pri:0, instance:tests.Runner@5579bb86]" name="runScenario" duration-ms="4348" started-at="2023-03-12T00:20:14 IST" description="Runs Cucumber Scenarios" data-provider="scenarios" finished-at="2023-03-12T00:20:18 IST">
          <params>
            <param index="0">
              <value>
                <![CDATA["Title test"]]>
              </value>
            </param>
            <param index="1">
              <value>
                <![CDATA["Facebook title testing using chrome"]]>
              </value>
            </param>
          </params>
          <reporter-output>
          </reporter-output>
        </test-method> <!-- runScenario -->
        <test-method status="PASS" signature="runScenario(io.cucumber.testng.PickleWrapper,io.cucumber.testng.FeatureWrapper)[pri:0, instance:tests.Runner@5579bb86]" name="runScenario" duration-ms="6980" started-at="2023-03-12T00:20:18 IST" description="Runs Cucumber Scenarios" data-provider="scenarios" finished-at="2023-03-12T00:20:25 IST">
          <params>
            <param index="0">
              <value>
                <![CDATA["Title test"]]>
              </value>
            </param>
            <param index="1">
              <value>
                <![CDATA["Facebook title testing using firefox"]]>
              </value>
            </param>
          </params>
          <reporter-output>
          </reporter-output>
        </test-method> <!-- runScenario -->
        <test-method status="PASS" signature="tearDownClass()[pri:0, instance:tests.Runner@5579bb86]" name="tearDownClass" is-config="true" duration-ms="61" started-at="2023-03-12T00:20:25 IST" finished-at="2023-03-12T00:20:25 IST">
          <reporter-output>
          </reporter-output>
        </test-method> <!-- tearDownClass -->
      </class> <!-- tests.Runner -->
    </test> <!-- Default test -->
  </suite> <!-- Default suite -->
</testng-results>
